[1522623286]	Unable to open database.
[1522623375]	Unable to open database.
[1522623711]	Unable to open database.
[1522625875]	Unable to open database.
[1522626350]	Unable to open database.
[1522627035]	Error requesting page https://www.bike-parts-honda.com/pieces-honda-detail-76580-76580-ST1300A6-2006-E_2_1-PAN+EUROPEAN+1300+ABS.html.
[1522627035]	Error requesting page https://www.bike-parts-honda.com/pieces-honda-detail-76580-76580-ST1300A6-2006-EOP_1-PAN+EUROPEAN+1300+ABS.html.
[1522627035]	Error requesting page https://www.bike-parts-honda.com/pieces-honda-detail-76580-76580-ST1300A6-2006-EOP_2-PAN+EUROPEAN+1300+ABS.html.
[1522627035]	Error requesting page https://www.bike-parts-honda.com/pieces-honda-detail-76580-76580-ST1300A6-2006-F_01-PAN+EUROPEAN+1300+ABS.html.
[1522627035]	Error requesting page https://www.bike-parts-honda.com/pieces-honda-detail-76580-76580-ST1300A6-2006-F_02-PAN+EUROPEAN+1300+ABS.html.
[1522627035]	Error requesting page https://www.bike-parts-honda.com/pieces-honda-detail-76580-76580-ST1300A6-2006-F_03-PAN+EUROPEAN+1300+ABS.html.
[1522627035]	Error requesting page https://www.bike-parts-honda.com/pieces-honda-detail-76580-76580-ST1300A6-2006-F_06-PAN+EUROPEAN+1300+ABS.html.
[1522627035]	Error requesting page https://www.bike-parts-honda.com/pieces-honda-detail-76580-76580-ST1300A6-2006-F_07-PAN+EUROPEAN+1300+ABS.html.
[1522627035]	Error requesting page https://www.bike-parts-honda.com/pieces-honda-detail-76580-76580-ST1300A6-2006-F_08-PAN+EUROPEAN+1300+ABS.html.
[1522627035]	Error requesting page https://www.bike-parts-honda.com/pieces-honda-detail-79383-79383-SH125ADG-2016-E_16-SH+125+ABS+D+SPECIAL+5ED.html.
[1522627035]	Error requesting page https://www.bike-parts-honda.com/pieces-honda-detail-76580-76580-ST1300A6-2006-F_09-PAN+EUROPEAN+1300+ABS.html.
[1522627035]	Error requesting page https://www.bike-parts-honda.com/pieces-honda-detail-79383-79383-SH125ADG-2016-E_17-SH+125+ABS+D+SPECIAL+5ED.html.
[1522627035]	Error requesting page https://www.bike-parts-honda.com/pieces-honda-detail-76580-76580-ST1300A6-2006-F_10-PAN+EUROPEAN+1300+ABS.html.
[1522627035]	Error requesting page https://www.bike-parts-honda.com/pieces-honda-detail-79383-79383-SH125ADG-2016-E_17_10-SH+125+ABS+D+SPECIAL+5ED.html.
[1522627035]	Error requesting page https://www.bike-parts-honda.com/pieces-honda-detail-76580-76580-ST1300A6-2006-F_11-PAN+EUROPEAN+1300+ABS.html.
[1522627035]	Error requesting page https://www.bike-parts-honda.com/pieces-honda-detail-79383-79383-SH125ADG-2016-E_19_10-SH+125+ABS+D+SPECIAL+5ED.html.
[1522627035]	Error requesting page https://www.bike-parts-honda.com/pieces-honda-detail-76580-76580-ST1300A6-2006-F_11_1-PAN+EUROPEAN+1300+ABS.html.
[1522627035]	Error requesting page https://www.bike-parts-honda.com/pieces-honda-detail-79383-79383-SH125ADG-2016-E_19_20-SH+125+ABS+D+SPECIAL+5ED.html.
[1522627035]	Error requesting page https://www.bike-parts-honda.com/pieces-honda-detail-79383-79383-SH125ADG-2016-E_20-SH+125+ABS+D+SPECIAL+5ED.html.
[1522627035]	Error requesting page https://www.bike-parts-honda.com/pieces-honda-detail-76580-76580-ST1300A6-2006-F_12-PAN+EUROPEAN+1300+ABS.html.
[1522627035]	Error requesting page https://www.bike-parts-honda.com/pieces-honda-detail-79383-79383-SH125ADG-2016-E_22-SH+125+ABS+D+SPECIAL+5ED.html.
[1522627035]	Error requesting page https://www.bike-parts-honda.com/pieces-honda-detail-76580-76580-ST1300A6-2006-F_13_1-PAN+EUROPEAN+1300+ABS.html.
[1522627035]	Error requesting page https://www.bike-parts-honda.com/pieces-honda-detail-79383-79383-SH125ADG-2016-EOP_1-SH+125+ABS+D+SPECIAL+5ED.html.
[1522627035]	Error requesting page https://www.bike-parts-honda.com/pieces-honda-detail-76580-76580-ST1300A6-2006-F_14_1-PAN+EUROPEAN+1300+ABS.html.
[1522627035]	Error requesting page https://www.bike-parts-honda.com/pieces-honda-detail-79383-79383-SH125ADG-2016-EOP_2-SH+125+ABS+D+SPECIAL+5ED.html.
[1522627035]	Error requesting page https://www.bike-parts-honda.com/pieces-honda-detail-76580-76580-ST1300A6-2006-F_15_1-PAN+EUROPEAN+1300+ABS.html.
[1522627035]	Error requesting page https://www.bike-parts-honda.com/pieces-honda-detail-79383-79383-SH125ADG-2016-F_01-SH+125+ABS+D+SPECIAL+5ED.html.
[1522627035]	Error requesting page https://www.bike-parts-honda.com/pieces-honda-detail-76580-76580-ST1300A6-2006-F_16-PAN+EUROPEAN+1300+ABS.html.
[1522627035]	Error requesting page https://www.bike-parts-honda.com/pieces-honda-detail-79383-79383-SH125ADG-2016-F_02-SH+125+ABS+D+SPECIAL+5ED.html.
[1522627035]	Error requesting page https://www.bike-parts-honda.com/pieces-honda-detail-76580-76580-ST1300A6-2006-F_17-PAN+EUROPEAN+1300+ABS.html.
[1522627035]	Error requesting page https://www.bike-parts-honda.com/pieces-honda-detail-79383-79383-SH125ADG-2016-F_04-SH+125+ABS+D+SPECIAL+5ED.html.
[1522627035]	Error requesting page https://www.bike-parts-honda.com/pieces-honda-detail-76580-76580-ST1300A6-2006-F_18_1-PAN+EUROPEAN+1300+ABS.html.
[1522627035]	Error requesting page https://www.bike-parts-honda.com/pieces-honda-detail-79383-79383-SH125ADG-2016-F_06-SH+125+ABS+D+SPECIAL+5ED.html.
[1522627035]	Error requesting page https://www.bike-parts-honda.com/pieces-honda-detail-76580-76580-ST1300A6-2006-F_19-PAN+EUROPEAN+1300+ABS.html.
[1522627035]	Error requesting page https://www.bike-parts-honda.com/pieces-honda-detail-79383-79383-SH125ADG-2016-F_09-SH+125+ABS+D+SPECIAL+5ED.html.
[1522627035]	Error requesting page https://www.bike-parts-honda.com/pieces-honda-detail-76580-76580-ST1300A6-2006-F_20-PAN+EUROPEAN+1300+ABS.html.
[1522627035]	Error requesting page https://www.bike-parts-honda.com/pieces-honda-detail-79383-79383-SH125ADG-2016-F_10-SH+125+ABS+D+SPECIAL+5ED.html.
[1522627035]	Error requesting page https://www.bike-parts-honda.com/pieces-honda-detail-76580-76580-ST1300A6-2006-F_21-PAN+EUROPEAN+1300+ABS.html.
[1522627035]	Error requesting page https://www.bike-parts-honda.com/pieces-honda-detail-79383-79383-SH125ADG-2016-F_11-SH+125+ABS+D+SPECIAL+5ED.html.
[1522627035]	Error requesting page https://www.bike-parts-honda.com/pieces-honda-detail-79383-79383-SH125ADG-2016-F_12-SH+125+ABS+D+SPECIAL+5ED.html.
[1522627035]	Error requesting page https://www.bike-parts-honda.com/pieces-honda-detail-76580-76580-ST1300A6-2006-F_22-PAN+EUROPEAN+1300+ABS.html.
[1522627035]	Error requesting page https://www.bike-parts-honda.com/pieces-honda-detail-79383-79383-SH125ADG-2016-F_14-SH+125+ABS+D+SPECIAL+5ED.html.
[1522627035]	Error requesting page https://www.bike-parts-honda.com/pieces-honda-detail-76580-76580-ST1300A6-2006-F_23-PAN+EUROPEAN+1300+ABS.html.
[1522627035]	Error requesting page https://www.bike-parts-honda.com/pieces-honda-detail-79383-79383-SH125ADG-2016-F_15-SH+125+ABS+D+SPECIAL+5ED.html.
[1522627035]	Error requesting page https://www.bike-parts-honda.com/pieces-honda-detail-76580-76580-ST1300A6-2006-F_24-PAN+EUROPEAN+1300+ABS.html.
[1522627035]	Error requesting page https://www.bike-parts-honda.com/pieces-honda-detail-79383-79383-SH125ADG-2016-F_17-SH+125+ABS+D+SPECIAL+5ED.html.
[1522627035]	Error requesting page https://www.bike-parts-honda.com/pieces-honda-detail-76580-76580-ST1300A6-2006-F_25-PAN+EUROPEAN+1300+ABS.html.
[1522627035]	Error requesting page https://www.bike-parts-honda.com/pieces-honda-detail-79383-79383-SH125ADG-2016-F_18_1-SH+125+ABS+D+SPECIAL+5ED.html.
[1522627035]	Error requesting page https://www.bike-parts-honda.com/pieces-honda-detail-76580-76580-ST1300A6-2006-F_26-PAN+EUROPEAN+1300+ABS.html.
[1522627035]	Error requesting page https://www.bike-parts-honda.com/pieces-honda-detail-79383-79383-SH125ADG-2016-F_20_20-SH+125+ABS+D+SPECIAL+5ED.html.
[1522627035]	Error requesting page https://www.bike-parts-honda.com/pieces-honda-detail-76580-76580-ST1300A6-2006-F_27-PAN+EUROPEAN+1300+ABS.html.
[1522627035]	Error requesting page https://www.bike-parts-honda.com/pieces-honda-detail-79383-79383-SH125ADG-2016-F_21-SH+125+ABS+D+SPECIAL+5ED.html.
[1522627035]	Error requesting page https://www.bike-parts-honda.com/pieces-honda-detail-76580-76580-ST1300A6-2006-F_28-PAN+EUROPEAN+1300+ABS.html.
[1522627035]	Error requesting page https://www.bike-parts-honda.com/pieces-honda-detail-79383-79383-SH125ADG-2016-F_22_10-SH+125+ABS+D+SPECIAL+5ED.html.
[1522627035]	Error requesting page https://www.bike-parts-honda.com/pieces-honda-detail-76580-76580-ST1300A6-2006-F_29-PAN+EUROPEAN+1300+ABS.html.
[1522627035]	Error requesting page https://www.bike-parts-honda.com/pieces-honda-detail-79383-79383-SH125ADG-2016-F_23-SH+125+ABS+D+SPECIAL+5ED.html.
[1522627035]	Error requesting page https://www.bike-parts-honda.com/pieces-honda-detail-76580-76580-ST1300A6-2006-F_30-PAN+EUROPEAN+1300+ABS.html.
[1522627035]	Error requesting page https://www.bike-parts-honda.com/pieces-honda-detail-79383-79383-SH125ADG-2016-F_24-SH+125+ABS+D+SPECIAL+5ED.html.
[1522627035]	Error requesting page https://www.bike-parts-honda.com/pieces-honda-detail-76580-76580-ST1300A6-2006-F_31-PAN+EUROPEAN+1300+ABS.html.
[1522627035]	Error requesting page https://www.bike-parts-honda.com/pieces-honda-detail-79383-79383-SH125ADG-2016-F_26-SH+125+ABS+D+SPECIAL+5ED.html.
[1522627035]	Error requesting page https://www.bike-parts-honda.com/pieces-honda-detail-76580-76580-ST1300A6-2006-F_32-PAN+EUROPEAN+1300+ABS.html.
[1522627035]	Error requesting page https://www.bike-parts-honda.com/pieces-honda-detail-79383-79383-SH125ADG-2016-F_28-SH+125+ABS+D+SPECIAL+5ED.html.
[1522627035]	Error requesting page https://www.bike-parts-honda.com/pieces-honda-detail-76580-76580-ST1300A6-2006-F_33-PAN+EUROPEAN+1300+ABS.html.
[1522627035]	Error requesting page https://www.bike-parts-honda.com/pieces-honda-detail-79383-79383-SH125ADG-2016-F_30-SH+125+ABS+D+SPECIAL+5ED.html.
[1522627035]	Error requesting page https://www.bike-parts-honda.com/pieces-honda-detail-76580-76580-ST1300A6-2006-F_34-PAN+EUROPEAN+1300+ABS.html.
[1522627035]	Error requesting page https://www.bike-parts-honda.com/pieces-honda-detail-76580-76580-ST1300A6-2006-F_35_1-PAN+EUROPEAN+1300+ABS.html.
[1522627035]	Error requesting page https://www.bike-parts-honda.com/pieces-honda-detail-79383-79383-SH125ADG-2016-F_35-SH+125+ABS+D+SPECIAL+5ED.html.
[1522627035]	Error requesting page https://www.bike-parts-honda.com/pieces-honda-detail-76580-76580-ST1300A6-2006-F_36-PAN+EUROPEAN+1300+ABS.html.
[1522627035]	Error requesting page https://www.bike-parts-honda.com/pieces-honda-detail-79383-79383-SH125ADG-2016-F_36-SH+125+ABS+D+SPECIAL+5ED.html.
[1522627035]	Error requesting page https://www.bike-parts-honda.com/pieces-honda-detail-76580-76580-ST1300A6-2006-F_37-PAN+EUROPEAN+1300+ABS.html.
[1522627035]	Error requesting page https://www.bike-parts-honda.com/pieces-honda-detail-79383-79383-SH125ADG-2016-F_37_10-SH+125+ABS+D+SPECIAL+5ED.html.
[1522627035]	Error requesting page https://www.bike-parts-honda.com/pieces-honda-detail-76580-76580-ST1300A6-2006-F_38-PAN+EUROPEAN+1300+ABS.html.
[1522627035]	Error requesting page https://www.bike-parts-honda.com/pieces-honda-detail-79383-79383-SH125ADG-2016-F_38_10-SH+125+ABS+D+SPECIAL+5ED.html.
[1522627035]	Error requesting page https://www.bike-parts-honda.com/pieces-honda-detail-76580-76580-ST1300A6-2006-F_39-PAN+EUROPEAN+1300+ABS.html.
[1522627035]	Error requesting page https://www.bike-parts-honda.com/pieces-honda-detail-79383-79383-SH125ADG-2016-F_39-SH+125+ABS+D+SPECIAL+5ED.html.
[1522627035]	Error requesting page https://www.bike-parts-honda.com/pieces-honda-detail-76580-76580-ST1300A6-2006-F_40-PAN+EUROPEAN+1300+ABS.html.
[1522627035]	Error requesting page https://www.bike-parts-honda.com/pieces-honda-detail-79383-79383-SH125ADG-2016-F_40-SH+125+ABS+D+SPECIAL+5ED.html.
[1522627035]	Error requesting page https://www.bike-parts-honda.com/pieces-honda-detail-79383-79383-SH125ADG-2016-F_41-SH+125+ABS+D+SPECIAL+5ED.html.
[1522627035]	Error requesting page https://www.bike-parts-honda.com/pieces-honda-detail-76580-76580-ST1300A6-2006-F_41-PAN+EUROPEAN+1300+ABS.html.
[1522627035]	Error requesting page https://www.bike-parts-honda.com/pieces-honda-detail-79383-79383-SH125ADG-2016-F_41_10-SH+125+ABS+D+SPECIAL+5ED.html.
[1522627035]	Error requesting page https://www.bike-parts-honda.com/pieces-honda-detail-76580-76580-ST1300A6-2006-F_42-PAN+EUROPEAN+1300+ABS.html.
[1522627035]	Error requesting page https://www.bike-parts-honda.com/pieces-honda-detail-79383-79383-SH125ADG-2016-F_42-SH+125+ABS+D+SPECIAL+5ED.html.
[1522627035]	Error requesting page https://www.bike-parts-honda.com/pieces-honda-detail-76580-76580-ST1300A6-2006-F_43-PAN+EUROPEAN+1300+ABS.html.
[1522627035]	Error requesting page https://www.bike-parts-honda.com/pieces-honda-detail-79383-79383-SH125ADG-2016-F_43-SH+125+ABS+D+SPECIAL+5ED.html.
[1522627035]	Error requesting page https://www.bike-parts-honda.com/pieces-honda-detail-76580-76580-ST1300A6-2006-F_44-PAN+EUROPEAN+1300+ABS.html.
[1522627035]	Error requesting page https://www.bike-parts-honda.com/pieces-honda-detail-79383-79383-SH125ADG-2016-F_46-SH+125+ABS+D+SPECIAL+5ED.html.
[1522627035]	Error requesting page https://www.bike-parts-honda.com/pieces-honda-detail-76580-76580-ST1300A6-2006-F_45-PAN+EUROPEAN+1300+ABS.html.
[1522627035]	Error requesting page https://www.bike-parts-honda.com/pieces-honda-detail-79383-79383-SH125ADG-2016-F_47-SH+125+ABS+D+SPECIAL+5ED.html.
[1522627035]	Error requesting page https://www.bike-parts-honda.com/pieces-honda-detail-76580-76580-ST1300A6-2006-F_46-PAN+EUROPEAN+1300+ABS.html.
[1522627035]	Error requesting page https://www.bike-parts-honda.com/pieces-honda-detail-79383-79383-SH125ADG-2016-F_48-SH+125+ABS+D+SPECIAL+5ED.html.
[1522627035]	Error requesting page https://www.bike-parts-honda.com/pieces-honda-detail-76580-76580-ST1300A6-2006-F_47-PAN+EUROPEAN+1300+ABS.html.
[1522627035]	Error requesting page https://www.bike-parts-honda.com/pieces-honda-detail-76580-76580-ST1300A6-2006-F_4_1-PAN+EUROPEAN+1300+ABS.html.
[1522627035]	Error requesting page https://www.bike-parts-honda.com/pieces-honda-detail-79383-79383-SH125ADG-2016-F_5_1-SH+125+ABS+D+SPECIAL+5ED.html.
[1522627035]	Error requesting page https://www.bike-parts-honda.com/pieces-honda-detail-76580-76580-ST1300A6-2006-F_5_1-PAN+EUROPEAN+1300+ABS.html.
[1522627035]	Error requesting page https://www.bike-parts-honda.com/pieces-honda-detail-79383-79383-SH125ADG-2016-F_7_10-SH+125+ABS+D+SPECIAL+5ED.html.
[1522627035]	Error requesting page https://www.bike-parts-honda.com/pieces-honda-detail-76580-76580-ST1300A6-2006-08A0101-PAN+EUROPEAN+1300+ABS.html.
[1522627035]	Error requesting page https://www.bike-parts-honda.com/moto-honda-identification-SH125ADG-19638.html.
[1522627035]	Error requesting page https://www.bike-parts-honda.com/pieces-honda-detail-76580-76580-ST1300A6-2006-08A3001-PAN+EUROPEAN+1300+ABS.html.
[1522627035]	Error requesting page https://www.bike-parts-honda.com/pieces-honda-detail-76580-76580-ST1300A6-2006-08A5401-PAN+EUROPEAN+1300+ABS.html.
[1522627035]	Error requesting page https://www.bike-parts-honda.com/pieces-honda-detail-76580-76580-ST1300A6-2006-08E5501-PAN+EUROPEAN+1300+ABS.html.
[1522627035]	Error requesting page https://www.bike-parts-honda.com/pieces-honda-detail-76580-76580-ST1300A6-2006-08E7501-PAN+EUROPEAN+1300+ABS.html.
[1522627035]	Error requesting page https://www.bike-parts-honda.com/pieces-honda-detail-76580-76580-ST1300A6-2006-08F6401-PAN+EUROPEAN+1300+ABS.html.
[1522627035]	Error requesting page https://www.bike-parts-honda.com/pieces-honda-detail-76580-76580-ST1300A6-2006-08F6405-PAN+EUROPEAN+1300+ABS.html.
[1522627035]	Error requesting page https://www.bike-parts-honda.com/pieces-honda-detail-76580-76580-ST1300A6-2006-08L4501-PAN+EUROPEAN+1300+ABS.html.
[1522627035]	Error requesting page https://www.bike-parts-honda.com/pieces-honda-detail-76580-76580-ST1300A6-2006-08L5501-PAN+EUROPEAN+1300+ABS.html.
[1522627035]	Error requesting page https://www.bike-parts-honda.com/pieces-honda-detail-76580-76580-ST1300A6-2006-08L5505-PAN+EUROPEAN+1300+ABS.html.
[1522627035]	Error requesting page https://www.bike-parts-honda.com/pieces-honda-detail-76580-76580-ST1300A6-2006-08L5601-PAN+EUROPEAN+1300+ABS.html.
[1522627035]	Error requesting page https://www.bike-parts-honda.com/pieces-honda-detail-76580-76580-ST1300A6-2006-08L5602-PAN+EUROPEAN+1300+ABS.html.
[1522627035]	Error requesting page https://www.bike-parts-honda.com/pieces-honda-detail-76580-76580-ST1300A6-2006-08L5603-PAN+EUROPEAN+1300+ABS.html.
[1522627035]	Error requesting page https://www.bike-parts-honda.com/pieces-honda-detail-76580-76580-ST1300A6-2006-08L6301-PAN+EUROPEAN+1300+ABS.html.
[1522627035]	Error requesting page https://www.bike-parts-honda.com/pieces-honda-detail-76580-76580-ST1300A6-2006-08M5301-PAN+EUROPEAN+1300+ABS.html.
[1522627035]	Error requesting page https://www.bike-parts-honda.com/pieces-honda-detail-76580-76580-ST1300A6-2006-08P3401-PAN+EUROPEAN+1300+ABS.html.
[1522627035]	Error requesting page https://www.bike-parts-honda.com/pieces-honda-detail-76580-76580-ST1300A6-2006-08P5901-PAN+EUROPEAN+1300+ABS.html.
[1522627035]	Error requesting page https://www.bike-parts-honda.com/pieces-honda-detail-76580-76580-ST1300A6-2006-08P6101-PAN+EUROPEAN+1300+ABS.html.
[1522627035]	Error requesting page https://www.bike-parts-honda.com/pieces-honda-detail-76580-76580-ST1300A6-2006-08P7201-PAN+EUROPEAN+1300+ABS.html.
[1522627035]	Error requesting page https://www.bike-parts-honda.com/pieces-honda-detail-76580-76580-ST1300A6-2006-08P7301-PAN+EUROPEAN+1300+ABS.html.
[1522627036]	Error requesting page https://www.bike-parts-honda.com/pieces-honda-detail-76580-76580-ST1300A6-2006-08P7302-PAN+EUROPEAN+1300+ABS.html.
[1522627036]	Error requesting page https://www.bike-parts-honda.com/pieces-honda-detail-76580-76580-ST1300A6-2006-08P7601-PAN+EUROPEAN+1300+ABS.html.
[1522627036]	Error requesting page https://www.bike-parts-honda.com/pieces-honda-detail-76580-76580-ST1300A6-2006-08T5001-PAN+EUROPEAN+1300+ABS.html.
[1522627036]	Error requesting page https://www.bike-parts-honda.com/pieces-honda-detail-76580-76580-ST1300A6-2006-08U9102-PAN+EUROPEAN+1300+ABS.html.
[1522627036]	Error requesting page https://www.bike-parts-honda.com/pieces-honda-detail-76580-76580-ST1300A6-2006-08V7001-PAN+EUROPEAN+1300+ABS.html.
[1522627036]	Error requesting page https://www.bike-parts-honda.com/moto-honda-identification-ST1300A8-8566.html.
[1522627040]	Error requesting page https://www.bike-parts-honda.com/pieces-honda-detail-5143-13MAAS41-VT1100C2W-1998-E__0300-VT+1100+SHADOW+C2+white+ribbon+tire.html.
[1522627040]	Error requesting page https://www.bike-parts-honda.com/pieces-honda-detail-5143-13MAAS41-VT1100C2W-1998-E__0400-VT+1100+SHADOW+C2+white+ribbon+tire.html.
[1522627040]	Error requesting page https://www.bike-parts-honda.com/pieces-honda-detail-5143-13MAAS41-VT1100C2W-1998-E__0501-VT+1100+SHADOW+C2+white+ribbon+tire.html.
[1522627040]	Error requesting page https://www.bike-parts-honda.com/pieces-honda-detail-5143-13MAAS41-VT1100C2W-1998-E__0601-VT+1100+SHADOW+C2+white+ribbon+tire.html.
[1522627040]	Error requesting page https://www.bike-parts-honda.com/pieces-honda-detail-5143-13MAAS41-VT1100C2W-1998-E__0701-VT+1100+SHADOW+C2+white+ribbon+tire.html.
[1522627040]	Error requesting page https://www.bike-parts-honda.com/pieces-honda-detail-5143-13MAAS41-VT1100C2W-1998-E__0801-VT+1100+SHADOW+C2+white+ribbon+tire.html.
[1522627040]	Error requesting page https://www.bike-parts-honda.com/pieces-honda-detail-5143-13MAAS41-VT1100C2W-1998-E__0900-VT+1100+SHADOW+C2+white+ribbon+tire.html.
[1522627040]	Error requesting page https://www.bike-parts-honda.com/pieces-honda-detail-5143-13MAAS41-VT1100C2W-1998-E__1001-VT+1100+SHADOW+C2+white+ribbon+tire.html.
[1522627040]	Error requesting page https://www.bike-parts-honda.com/pieces-honda-detail-5143-13MAAS41-VT1100C2W-1998-E__1101-VT+1100+SHADOW+C2+white+ribbon+tire.html.
[1522627040]	Error requesting page https://www.bike-parts-honda.com/pieces-honda-detail-5143-13MAAS41-VT1100C2W-1998-E__1200-VT+1100+SHADOW+C2+white+ribbon+tire.html.
[1522627040]	Error requesting page https://www.bike-parts-honda.com/pieces-honda-detail-5143-13MAAS41-VT1100C2W-1998-E__1300-VT+1100+SHADOW+C2+white+ribbon+tire.html.
[1522627040]	Error requesting page https://www.bike-parts-honda.com/pieces-honda-detail-5143-13MAAS41-VT1100C2W-1998-E__1400-VT+1100+SHADOW+C2+white+ribbon+tire.html.
[1522627040]	Error requesting page https://www.bike-parts-honda.com/pieces-honda-detail-5143-13MAAS41-VT1100C2W-1998-E__1500-VT+1100+SHADOW+C2+white+ribbon+tire.html.
[1522627040]	Error requesting page https://www.bike-parts-honda.com/pieces-honda-detail-5143-13MAAS41-VT1100C2W-1998-E__1601-VT+1100+SHADOW+C2+white+ribbon+tire.html.
[1522627040]	Error requesting page https://www.bike-parts-honda.com/pieces-honda-detail-5143-13MAAS41-VT1100C2W-1998-E__1700-VT+1100+SHADOW+C2+white+ribbon+tire.html.
[1522627040]	Error requesting page https://www.bike-parts-honda.com/pieces-honda-detail-5143-13MAAS41-VT1100C2W-1998-E__1801-VT+1100+SHADOW+C2+white+ribbon+tire.html.
[1522627040]	Error requesting page https://www.bike-parts-honda.com/pieces-honda-detail-5143-13MAAS41-VT1100C2W-1998-E__1900-VT+1100+SHADOW+C2+white+ribbon+tire.html.
[1522627040]	Error requesting page https://www.bike-parts-honda.com/pieces-honda-detail-5143-13MAAS41-VT1100C2W-1998-E__2000-VT+1100+SHADOW+C2+white+ribbon+tire.html.
[1522627040]	Error requesting page https://www.bike-parts-honda.com/pieces-honda-detail-31889-17MFG7I1-CB600F39-2009-08F8407-CB+600+F+HORNET+STRIPES+34HP.html.
[1522627040]	Error requesting page https://www.bike-parts-honda.com/pieces-honda-detail-5143-13MAAS41-VT1100C2W-1998-E__2001-VT+1100+SHADOW+C2+white+ribbon+tire.html.
[1522627040]	Error requesting page https://www.bike-parts-honda.com/pieces-honda-detail-31889-17MFG7I1-CB600F39-2009-08F8408-CB+600+F+HORNET+STRIPES+34HP.html.
[1522627040]	Error requesting page https://www.bike-parts-honda.com/pieces-honda-detail-5143-13MAAS41-VT1100C2W-1998-EOP0100-VT+1100+SHADOW+C2+white+ribbon+tire.html.
[1522627040]	Error requesting page https://www.bike-parts-honda.com/pieces-honda-detail-31889-17MFG7I1-CB600F39-2009-08F8410-CB+600+F+HORNET+STRIPES+34HP.html.
[1522627040]	Error requesting page https://www.bike-parts-honda.com/pieces-honda-detail-31889-17MFG7I1-CB600F39-2009-08F8602-CB+600+F+HORNET+STRIPES+34HP.html.
[1522627040]	Error requesting page https://www.bike-parts-honda.com/pieces-honda-detail-5143-13MAAS41-VT1100C2W-1998-EOP0200-VT+1100+SHADOW+C2+white+ribbon+tire.html.
[1522627040]	Error requesting page https://www.bike-parts-honda.com/pieces-honda-detail-31889-17MFG7I1-CB600F39-2009-08L6301-CB+600+F+HORNET+STRIPES+34HP.html.
[1522627040]	Error requesting page https://www.bike-parts-honda.com/pieces-honda-detail-5143-13MAAS41-VT1100C2W-1998-F__0102-VT+1100+SHADOW+C2+white+ribbon+tire.html.
[1522627040]	Error requesting page https://www.bike-parts-honda.com/pieces-honda-detail-31889-17MFG7I1-CB600F39-2009-08M5001-CB+600+F+HORNET+STRIPES+34HP.html.
[1522627040]	Error requesting page https://www.bike-parts-honda.com/pieces-honda-detail-5143-13MAAS41-VT1100C2W-1998-F__0201-VT+1100+SHADOW+C2+white+ribbon+tire.html.
[1522627040]	Error requesting page https://www.bike-parts-honda.com/pieces-honda-detail-31889-17MFG7I1-CB600F39-2009-08M5301-CB+600+F+HORNET+STRIPES+34HP.html.
[1522627040]	Error requesting page https://www.bike-parts-honda.com/pieces-honda-detail-5143-13MAAS41-VT1100C2W-1998-F__0301-VT+1100+SHADOW+C2+white+ribbon+tire.html.
[1522627040]	Error requesting page https://www.bike-parts-honda.com/pieces-honda-detail-31889-17MFG7I1-CB600F39-2009-08MLW01-CB+600+F+HORNET+STRIPES+34HP.html.
[1522627040]	Error requesting page https://www.bike-parts-honda.com/pieces-honda-detail-31889-17MFG7I1-CB600F39-2009-08P3401-CB+600+F+HORNET+STRIPES+34HP.html.
[1522627040]	Error requesting page https://www.bike-parts-honda.com/pieces-honda-detail-5143-13MAAS41-VT1100C2W-1998-F__0401-VT+1100+SHADOW+C2+white+ribbon+tire.html.
[1522627040]	Error requesting page https://www.bike-parts-honda.com/pieces-honda-detail-31889-17MFG7I1-CB600F39-2009-08P6101-CB+600+F+HORNET+STRIPES+34HP.html.
[1522627040]	Error requesting page https://www.bike-parts-honda.com/pieces-honda-detail-5143-13MAAS41-VT1100C2W-1998-F__0601-VT+1100+SHADOW+C2+white+ribbon+tire.html.
[1522627040]	Error requesting page https://www.bike-parts-honda.com/pieces-honda-detail-31889-17MFG7I1-CB600F39-2009-08P6102-CB+600+F+HORNET+STRIPES+34HP.html.
[1522627040]	Error requesting page https://www.bike-parts-honda.com/pieces-honda-detail-5143-13MAAS41-VT1100C2W-1998-F__0701-VT+1100+SHADOW+C2+white+ribbon+tire.html.
[1522627040]	Error requesting page https://www.bike-parts-honda.com/pieces-honda-detail-31889-17MFG7I1-CB600F39-2009-08P6103-CB+600+F+HORNET+STRIPES+34HP.html.
[1522627040]	Error requesting page https://www.bike-parts-honda.com/pieces-honda-detail-5143-13MAAS41-VT1100C2W-1998-F__0801-VT+1100+SHADOW+C2+white+ribbon+tire.html.
[1522627040]	Error requesting page https://www.bike-parts-honda.com/pieces-honda-detail-31889-17MFG7I1-CB600F39-2009-08P6104-CB+600+F+HORNET+STRIPES+34HP.html.
[1522627040]	Error requesting page https://www.bike-parts-honda.com/pieces-honda-detail-5143-13MAAS41-VT1100C2W-1998-F__0901-VT+1100+SHADOW+C2+white+ribbon+tire.html.
[1522627040]	Error requesting page https://www.bike-parts-honda.com/pieces-honda-detail-31889-17MFG7I1-CB600F39-2009-08P6105-CB+600+F+HORNET+STRIPES+34HP.html.
[1522627040]	Error requesting page https://www.bike-parts-honda.com/pieces-honda-detail-5143-13MAAS41-VT1100C2W-1998-F__1001-VT+1100+SHADOW+C2+white+ribbon+tire.html.
[1522627040]	Error requesting page https://www.bike-parts-honda.com/pieces-honda-detail-31889-17MFG7I1-CB600F39-2009-08P6110-CB+600+F+HORNET+STRIPES+34HP.html.
[1522627040]	Error requesting page https://www.bike-parts-honda.com/pieces-honda-detail-31889-17MFG7I1-CB600F39-2009-08P6111-CB+600+F+HORNET+STRIPES+34HP.html.
[1522627040]	Error requesting page https://www.bike-parts-honda.com/pieces-honda-detail-5143-13MAAS41-VT1100C2W-1998-F__1101-VT+1100+SHADOW+C2+white+ribbon+tire.html.
[1522627040]	Error requesting page https://www.bike-parts-honda.com/pieces-honda-detail-31889-17MFG7I1-CB600F39-2009-08P7301-CB+600+F+HORNET+STRIPES+34HP.html.
[1522627040]	Error requesting page https://www.bike-parts-honda.com/pieces-honda-detail-5143-13MAAS41-VT1100C2W-1998-F__1300-VT+1100+SHADOW+C2+white+ribbon+tire.html.
[1522627040]	Error requesting page https://www.bike-parts-honda.com/pieces-honda-detail-31889-17MFG7I1-CB600F39-2009-08R8001-CB+600+F+HORNET+STRIPES+34HP.html.
[1522627040]	Error requesting page https://www.bike-parts-honda.com/pieces-honda-detail-5143-13MAAS41-VT1100C2W-1998-F__1400-VT+1100+SHADOW+C2+white+ribbon+tire.html.
[1522627040]	Error requesting page https://www.bike-parts-honda.com/pieces-honda-detail-31889-17MFG7I1-CB600F39-2009-08T4901-CB+600+F+HORNET+STRIPES+34HP.html.
[1522627040]	Error requesting page https://www.bike-parts-honda.com/pieces-honda-detail-5143-13MAAS41-VT1100C2W-1998-F__1501-VT+1100+SHADOW+C2+white+ribbon+tire.html.
[1522627040]	Error requesting page https://www.bike-parts-honda.com/pieces-honda-detail-31889-17MFG7I1-CB600F39-2009-08T5001-CB+600+F+HORNET+STRIPES+34HP.html.
[1522627040]	Error requesting page https://www.bike-parts-honda.com/pieces-honda-detail-5143-13MAAS41-VT1100C2W-1998-F__1600-VT+1100+SHADOW+C2+white+ribbon+tire.html.
[1522627040]	Error requesting page https://www.bike-parts-honda.com/moto-honda-identification-CB600F3A-1509.html.
[1522627040]	Error requesting page https://www.bike-parts-honda.com/pieces-honda-detail-5143-13MAAS41-VT1100C2W-1998-F__1701-VT+1100+SHADOW+C2+white+ribbon+tire.html.
[1522627040]	Error requesting page https://www.bike-parts-honda.com/pieces-honda-detail-5143-13MAAS41-VT1100C2W-1998-F__1802-VT+1100+SHADOW+C2+white+ribbon+tire.html.
[1522627040]	Error requesting page https://www.bike-parts-honda.com/pieces-honda-detail-5143-13MAAS41-VT1100C2W-1998-F__1901-VT+1100+SHADOW+C2+white+ribbon+tire.html.
[1522627040]	Error requesting page https://www.bike-parts-honda.com/pieces-honda-detail-5143-13MAAS41-VT1100C2W-1998-F__2002-VT+1100+SHADOW+C2+white+ribbon+tire.html.
[1522627040]	Error requesting page https://www.bike-parts-honda.com/pieces-honda-detail-5143-13MAAS41-VT1100C2W-1998-F__2003-VT+1100+SHADOW+C2+white+ribbon+tire.html.
[1522627040]	Error requesting page https://www.bike-parts-honda.com/pieces-honda-detail-5143-13MAAS41-VT1100C2W-1998-F__2102-VT+1100+SHADOW+C2+white+ribbon+tire.html.
[1522627040]	Error requesting page https://www.bike-parts-honda.com/pieces-honda-detail-5143-13MAAS41-VT1100C2W-1998-F__2202-VT+1100+SHADOW+C2+white+ribbon+tire.html.
[1522627040]	Error requesting page https://www.bike-parts-honda.com/pieces-honda-detail-5143-13MAAS41-VT1100C2W-1998-F__2301-VT+1100+SHADOW+C2+white+ribbon+tire.html.
[1522627040]	Error requesting page https://www.bike-parts-honda.com/pieces-honda-detail-5143-13MAAS41-VT1100C2W-1998-F__2401-VT+1100+SHADOW+C2+white+ribbon+tire.html.
[1522627040]	Error requesting page https://www.bike-parts-honda.com/pieces-honda-detail-5143-13MAAS41-VT1100C2W-1998-F__2501-VT+1100+SHADOW+C2+white+ribbon+tire.html.
[1522627040]	Error requesting page https://www.bike-parts-honda.com/pieces-honda-detail-5143-13MAAS41-VT1100C2W-1998-F__2600-VT+1100+SHADOW+C2+white+ribbon+tire.html.
[1522627040]	Error requesting page https://www.bike-parts-honda.com/pieces-honda-detail-5143-13MAAS41-VT1100C2W-1998-F__2701-VT+1100+SHADOW+C2+white+ribbon+tire.html.
[1522627040]	Error requesting page https://www.bike-parts-honda.com/pieces-honda-detail-5143-13MAAS41-VT1100C2W-1998-F__2801-VT+1100+SHADOW+C2+white+ribbon+tire.html.
[1522627040]	Error requesting page https://www.bike-parts-honda.com/pieces-honda-detail-5143-13MAAS41-VT1100C2W-1998-F__2902-VT+1100+SHADOW+C2+white+ribbon+tire.html.
[1522627040]	Error requesting page https://www.bike-parts-honda.com/pieces-honda-detail-5143-13MAAS41-VT1100C2W-1998-F__3001-VT+1100+SHADOW+C2+white+ribbon+tire.html.
[1522627040]	Error requesting page https://www.bike-parts-honda.com/pieces-honda-detail-5143-13MAAS41-VT1100C2W-1998-F__3101-VT+1100+SHADOW+C2+white+ribbon+tire.html.
[1522627040]	Error requesting page https://www.bike-parts-honda.com/pieces-honda-detail-5143-13MAAS41-VT1100C2W-1998-F__3200-VT+1100+SHADOW+C2+white+ribbon+tire.html.
[1522627040]	Error requesting page https://www.bike-parts-honda.com/pieces-honda-detail-5143-13MAAS41-VT1100C2W-1998-F__3301-VT+1100+SHADOW+C2+white+ribbon+tire.html.
[1522627040]	Error requesting page https://www.bike-parts-honda.com/pieces-honda-detail-5143-13MAAS41-VT1100C2W-1998-F__3400-VT+1100+SHADOW+C2+white+ribbon+tire.html.
[1522627040]	Error requesting page https://www.bike-parts-honda.com/pieces-honda-detail-5143-13MAAS41-VT1100C2W-1998-F__3501-VT+1100+SHADOW+C2+white+ribbon+tire.html.
[1522627040]	Error requesting page https://www.bike-parts-honda.com/pieces-honda-detail-5143-13MAAS41-VT1100C2W-1998-F__3602-VT+1100+SHADOW+C2+white+ribbon+tire.html.
[1522627040]	Error requesting page https://www.bike-parts-honda.com/pieces-honda-detail-5143-13MAAS41-VT1100C2W-1998-08F7501-VT+1100+SHADOW+C2+white+ribbon+tire.html.
[1522627040]	Error requesting page https://www.bike-parts-honda.com/pieces-honda-detail-5143-13MAAS41-VT1100C2W-1998-08F7502-VT+1100+SHADOW+C2+white+ribbon+tire.html.
[1522627040]	Error requesting page https://www.bike-parts-honda.com/pieces-honda-detail-5143-13MAAS41-VT1100C2W-1998-08F8501-VT+1100+SHADOW+C2+white+ribbon+tire.html.
[1522627040]	Error requesting page https://www.bike-parts-honda.com/pieces-honda-detail-5143-13MAAS41-VT1100C2W-1998-08F8502-VT+1100+SHADOW+C2+white+ribbon+tire.html.
[1522627040]	Error requesting page https://www.bike-parts-honda.com/pieces-honda-detail-5143-13MAAS41-VT1100C2W-1998-08F8601-VT+1100+SHADOW+C2+white+ribbon+tire.html.
[1522627040]	Error requesting page https://www.bike-parts-honda.com/pieces-honda-detail-5143-13MAAS41-VT1100C2W-1998-08L4201-VT+1100+SHADOW+C2+white+ribbon+tire.html.
[1522627040]	Error requesting page https://www.bike-parts-honda.com/pieces-honda-detail-5143-13MAAS41-VT1100C2W-1998-08L4202-VT+1100+SHADOW+C2+white+ribbon+tire.html.
[1522627040]	Error requesting page https://www.bike-parts-honda.com/pieces-honda-detail-5143-13MAAS41-VT1100C2W-1998-08L5601-VT+1100+SHADOW+C2+white+ribbon+tire.html.
[1522627040]	Error requesting page https://www.bike-parts-honda.com/pieces-honda-detail-5143-13MAAS41-VT1100C2W-1998-08P5101-VT+1100+SHADOW+C2+white+ribbon+tire.html.
[1522627040]	Error requesting page https://www.bike-parts-honda.com/pieces-honda-detail-5143-13MAAS41-VT1100C2W-1998-08P7601-VT+1100+SHADOW+C2+white+ribbon+tire.html.
[1522627040]	Error requesting page https://www.bike-parts-honda.com/pieces-honda-detail-5143-13MAAS41-VT1100C2W-1998-08R8001-VT+1100+SHADOW+C2+white+ribbon+tire.html.
[1522627040]	Error requesting page https://www.bike-parts-honda.com/pieces-honda-detail-5143-13MAAS41-VT1100C2W-1998-08Z5001-VT+1100+SHADOW+C2+white+ribbon+tire.html.
[1522627040]	Error requesting page https://www.bike-parts-honda.com/pieces-honda-detail-5143-13MAAS41-VT1100C2W-1998-08Z5002-VT+1100+SHADOW+C2+white+ribbon+tire.html.
[1522627040]	Error requesting page https://www.bike-parts-honda.com/pieces-honda-detail-5143-13MAAS41-VT1100C2W-1998-08Z5003-VT+1100+SHADOW+C2+white+ribbon+tire.html.
[1522627040]	Error requesting page https://www.bike-parts-honda.com/moto-honda-identification-VT1100C2X-10561.html.
